<?xml version="1.0" encoding="UTF-8"?>
<testsuite name="Regression suite"
           tests="3"
           failures="0"
           errors="0"
           skipped="0"
           time="12.402">
  <properties />
  
  
            <testcase name="testLoginElementsAndLogout" time="1.090" classname="com.generic.functional.automation.ui.tests.login.LoginLogoutAutomation" />
                <testcase name="btnShadowTest" time="0.035" classname="com.generic.functional.automation.ui.tests.login.LoginLogoutAutomation" />
                <testcase name="testLogin" time="11.277" classname="com.generic.functional.automation.ui.tests.login.LoginLogoutAutomation" />
      
</testsuite>
